Using pre-set license
Built from '2022.3/staging' branch; Version is '2022.3.54f1 (129125d4e700) revision 1216805'; Using compiler version '192829333'; Build Type 'Release'
OS: 'Windows 11  (10.0.26100) 64bit Professional' Language: 'es' Physical Memory: 31894 MB
BatchMode: 1, IsHumanControllingUs: 0, StartBugReporterOnCrash: 0, Is64bit: 1, IsPro: 1

COMMAND LINE ARGUMENTS:
C:\Program Files\Unity\Hub\Editor\2022.3.54f1\Editor\Unity.exe
-adb2
-batchMode
-noUpm
-name
AssetImportWorker2
-projectPath
C:/Users/javie/TopDownGrupal
-logFile
Logs/AssetImportWorker2.log
-srvPort
56896
Successfully changed project path to: C:/Users/javie/TopDownGrupal
C:/Users/javie/TopDownGrupal
[UnityMemory] Configuration Parameters - Can be set up in boot.config
    "memorysetup-bucket-allocator-granularity=16"
    "memorysetup-bucket-allocator-bucket-count=8"
    "memorysetup-bucket-allocator-block-size=33554432"
    "memorysetup-bucket-allocator-block-count=8"
    "memorysetup-main-allocator-block-size=16777216"
    "memorysetup-thread-allocator-block-size=16777216"
    "memorysetup-gfx-main-allocator-block-size=16777216"
    "memorysetup-gfx-thread-allocator-block-size=16777216"
    "memorysetup-cache-allocator-block-size=4194304"
    "memorysetup-typetree-allocator-block-size=2097152"
    "memorysetup-profiler-bucket-allocator-granularity=16"
    "memorysetup-profiler-bucket-allocator-bucket-count=8"
    "memorysetup-profiler-bucket-allocator-block-size=33554432"
    "memorysetup-profiler-bucket-allocator-block-count=8"
    "memorysetup-profiler-allocator-block-size=16777216"
    "memorysetup-profiler-editor-allocator-block-size=1048576"
    "memorysetup-temp-allocator-size-main=16777216"
    "memorysetup-job-temp-allocator-block-size=2097152"
    "memorysetup-job-temp-allocator-block-size-background=1048576"
    "memorysetup-job-temp-allocator-reduction-small-platforms=262144"
    "memorysetup-allocator-temp-initial-block-size-main=262144"
    "memorysetup-allocator-temp-initial-block-size-worker=262144"
    "memorysetup-temp-allocator-size-background-worker=32768"
    "memorysetup-temp-allocator-size-job-worker=262144"
    "memorysetup-temp-allocator-size-preload-manager=33554432"
    "memorysetup-temp-allocator-size-nav-mesh-worker=65536"
    "memorysetup-temp-allocator-size-audio-worker=65536"
    "memorysetup-temp-allocator-size-cloud-worker=32768"
    "memorysetup-temp-allocator-size-gi-baking-worker=262144"
    "memorysetup-temp-allocator-size-gfx=262144"
Player connection [30408]  Target information:

Player connection [30408]  * "[IP] 192.168.0.231 [Port] 0 [Flags] 2 [Guid] 4201177099 [EditorId] 4201177099 [Version] 1048832 [Id] WindowsEditor(7,Javi_PC) [Debug] 1 [PackageName] WindowsEditor [ProjectName] Editor" 

Player connection [30408] Host joined multi-casting on [225.0.0.222:54997]...
Player connection [30408] Host joined alternative multi-casting on [225.0.0.222:34997]...
[PhysX] Initialized MultithreadedTaskDispatcher with 16 workers.
Refreshing native plugins compatible for Editor in 103.35 ms, found 4 plugins.
Preloading 0 native plugins for Editor in 0.00 ms.
Initialize engine version: 2022.3.54f1 (129125d4e700)
[Subsystems] Discovering subsystems at path C:/Program Files/Unity/Hub/Editor/2022.3.54f1/Editor/Data/Resources/UnitySubsystems
[Subsystems] Discovering subsystems at path C:/Users/javie/TopDownGrupal/Assets
GfxDevice: creating device client; threaded=0; jobified=0
Direct3D:
    Version:  Direct3D 11.0 [level 11.1]
    Renderer: NVIDIA GeForce RTX 3060 (ID=0x2504)
    Vendor:   NVIDIA
    VRAM:     12115 MB
    Driver:   32.0.15.7216
Initialize mono
Mono path[0] = 'C:/Program Files/Unity/Hub/Editor/2022.3.54f1/Editor/Data/Managed'
Mono path[1] = 'C:/Program Files/Unity/Hub/Editor/2022.3.54f1/Editor/Data/MonoBleedingEdge/lib/mono/unityjit-win32'
Mono config path = 'C:/Program Files/Unity/Hub/Editor/2022.3.54f1/Editor/Data/MonoBleedingEdge/etc'
Using monoOptions --debugger-agent=transport=dt_socket,embedding=1,server=y,suspend=n,address=127.0.0.1:56088
Begin MonoManager ReloadAssembly
Registering precompiled unity dll's ...
Register platform support module: C:/Program Files/Unity/Hub/Editor/2022.3.54f1/Editor/Data/PlaybackEngines/WebGLSupport/UnityEditor.WebGL.Extensions.dll
Register platform support module: C:/Program Files/Unity/Hub/Editor/2022.3.54f1/Editor/Data/PlaybackEngines/WindowsStandaloneSupport/UnityEditor.WindowsStandalone.Extensions.dll
Registered in 0.004700 seconds.
- Loaded All Assemblies, in  0.201 seconds
Native extension for WindowsStandalone target not found
Native extension for WebGL target not found
Mono: successfully reloaded assembly
- Finished resetting the current domain, in  0.158 seconds
Domain Reload Profiling: 358ms
	BeginReloadAssembly (60ms)
		ExecutionOrderSort (0ms)
		DisableScriptedObjects (0ms)
		BackupInstance (0ms)
		ReleaseScriptingObjects (0ms)
		CreateAndSetChildDomain (0ms)
	RebuildCommonClasses (21ms)
	RebuildNativeTypeToScriptingClass (6ms)
	initialDomainReloadingComplete (34ms)
	LoadAllAssembliesAndSetupDomain (79ms)
		LoadAssemblies (59ms)
		RebuildTransferFunctionScriptingTraits (0ms)
		AnalyzeDomain (78ms)
			TypeCache.Refresh (77ms)
				TypeCache.ScanAssembly (70ms)
			ScanForSourceGeneratedMonoScriptInfo (0ms)
			ResolveRequiredComponents (0ms)
	FinalizeReload (158ms)
		ReleaseScriptCaches (0ms)
		RebuildScriptCaches (0ms)
		SetupLoadedEditorAssemblies (133ms)
			LogAssemblyErrors (0ms)
			InitializePlatformSupportModulesInManaged (6ms)
			SetLoadedEditorAssemblies (3ms)
			RefreshPlugins (0ms)
			BeforeProcessingInitializeOnLoad (1ms)
			ProcessInitializeOnLoadAttributes (89ms)
			ProcessInitializeOnLoadMethodAttributes (33ms)
			AfterProcessingInitializeOnLoad (0ms)
			EditorAssembliesLoaded (0ms)
		ExecutionOrderSort2 (0ms)
		AwakeInstancesAfterBackupRestoration (0ms)
========================================================================
Worker process is ready to serve import requests
Caller must complete domain reload
Begin MonoManager ReloadAssembly
- Loaded All Assemblies, in  0.402 seconds
Native extension for WindowsStandalone target not found
Native extension for WebGL target not found
Mono: successfully reloaded assembly
- Finished resetting the current domain, in  0.425 seconds
Domain Reload Profiling: 825ms
	BeginReloadAssembly (85ms)
		ExecutionOrderSort (0ms)
		DisableScriptedObjects (3ms)
		BackupInstance (0ms)
		ReleaseScriptingObjects (0ms)
		CreateAndSetChildDomain (15ms)
	RebuildCommonClasses (19ms)
	RebuildNativeTypeToScriptingClass (6ms)
	initialDomainReloadingComplete (24ms)
	LoadAllAssembliesAndSetupDomain (265ms)
		LoadAssemblies (181ms)
		RebuildTransferFunctionScriptingTraits (0ms)
		AnalyzeDomain (130ms)
			TypeCache.Refresh (108ms)
				TypeCache.ScanAssembly (97ms)
			ScanForSourceGeneratedMonoScriptInfo (15ms)
			ResolveRequiredComponents (6ms)
	FinalizeReload (426ms)
		ReleaseScriptCaches (0ms)
		RebuildScriptCaches (0ms)
		SetupLoadedEditorAssemblies (336ms)
			LogAssemblyErrors (0ms)
			InitializePlatformSupportModulesInManaged (4ms)
			SetLoadedEditorAssemblies (3ms)
			RefreshPlugins (0ms)
			BeforeProcessingInitializeOnLoad (50ms)
			ProcessInitializeOnLoadAttributes (229ms)
			ProcessInitializeOnLoadMethodAttributes (46ms)
			AfterProcessingInitializeOnLoad (4ms)
			EditorAssembliesLoaded (0ms)
		ExecutionOrderSort2 (0ms)
		AwakeInstancesAfterBackupRestoration (4ms)
Launched and connected shader compiler UnityShaderCompiler.exe after 0.03 seconds
Refreshing native plugins compatible for Editor in 5.22 ms, found 4 plugins.
Preloading 0 native plugins for Editor in 0.00 ms.
Unloading 5599 Unused Serialized files (Serialized files now loaded: 0)
Unloading 48 unused Assets / (0.9 MB). Loaded Objects now: 6051.
Memory consumption went from 213.6 MB to 212.7 MB.
Total: 3.008600 ms (FindLiveObjects: 0.238300 ms CreateObjectMapping: 0.087200 ms MarkObjects: 2.379900 ms  DeleteObjects: 0.302500 ms)

AssetImportParameters requested are different than current active one (requested -> active):
  custom:container-demuxer-ogg: 62fdf1f143b41e24485cea50d1cbac27 -> 
  custom:video-codec-MediaFoundation-h265: 746d11721c4dcdbdad8f713fa42b33f4 -> 
  custom:video-decoder-ogg-theora: a1e56fd34408186e4bbccfd4996cb3dc -> 
  custom:framework-win-MediaFoundation: 216162199b28c13a410421893ffa2e32 -> 
  custom:CustomObjectIndexerAttribute: 72b91833f83ae208fae7752999fa3104 -> 
  custom:container-demuxer-webm: 4f35f7cbe854078d1ac9338744f61a02 -> 
  custom:container-muxer-webm: aa71ff27fc2769a1b78a27578f13a17b -> 
  custom:video-decoder-webm-vp8: 9c59270c3fd7afecdb556c50c9e8de78 -> 
  custom:SearchIndexIgnoredProperties: e643bd26f0fe6173181afceb89e7c659 -> 
  custom:AudioImporter_EditorPlatform: d09bf68614088b80899f8185d706f6e7 -> 
  custom:video-encoder-webm-vp8: eb34c28f22e8b96e1ab97ce403110664 -> 
  custom:audio-decoder-ogg-vorbis: bf7c407c2cedff20999df2af8eb42d56 -> 
  custom:audio-encoder-webm-vorbis: bf7c407c2cedff20999df2af8eb42d56 -> 
========================================================================
Received Import Request.
  Time since last request: 1135845.671187 seconds.
  path: Assets/Top Down Adventure Assets/Visuals/OBJECTS/sprites
  artifactKey: Guid(76867e6f6ddd5422b9906823bb7c0433) Importer(815301076,1909f56bfc062723c751e8b465ee728b)
Start importing Assets/Top Down Adventure Assets/Visuals/OBJECTS/sprites using Guid(76867e6f6ddd5422b9906823bb7c0433) Importer(815301076,1909f56bfc062723c751e8b465ee728b) [PhysX] Initialized MultithreadedTaskDispatcher with 16 workers.
 -> (artifact id: '647dde8741bd03c8af090a94314cd446') in 0.001980 seconds
Number of updated asset objects reloaded before import = 0
Number of asset objects unloaded after import = 0
========================================================================
Received Import Request.
  Time since last request: 0.040924 seconds.
  path: Assets/Top Down Adventure Assets/Visuals/OBJECTS/sprites/chest-closed.png
  artifactKey: Guid(ebff3dfe75a534761ae901e76a7b4a17) Importer(815301076,1909f56bfc062723c751e8b465ee728b)
Start importing Assets/Top Down Adventure Assets/Visuals/OBJECTS/sprites/chest-closed.png using Guid(ebff3dfe75a534761ae901e76a7b4a17) Importer(815301076,1909f56bfc062723c751e8b465ee728b) [PhysX] Initialized MultithreadedTaskDispatcher with 16 workers.
[PhysX] Initialized MultithreadedTaskDispatcher with 16 workers.
 -> (artifact id: '966b1e20d30f46328e5f96842ce77b2e') in 0.062349 seconds
Number of updated asset objects reloaded before import = 0
Number of asset objects unloaded after import = 3
========================================================================
Received Import Request.
  Time since last request: 0.000011 seconds.
  path: Assets/Top Down Adventure Assets/Visuals/OBJECTS/sprites/rock-cave.png
  artifactKey: Guid(1095a2991ccab42b4ad00a8db151f3fd) Importer(815301076,1909f56bfc062723c751e8b465ee728b)
Start importing Assets/Top Down Adventure Assets/Visuals/OBJECTS/sprites/rock-cave.png using Guid(1095a2991ccab42b4ad00a8db151f3fd) Importer(815301076,1909f56bfc062723c751e8b465ee728b) [PhysX] Initialized MultithreadedTaskDispatcher with 16 workers.
[PhysX] Initialized MultithreadedTaskDispatcher with 16 workers.
 -> (artifact id: '1836f09e1ba15bb8b5486a419cc80a26') in 0.051763 seconds
Number of updated asset objects reloaded before import = 0
Number of asset objects unloaded after import = 3
========================================================================
Received Import Request.
  Time since last request: 2.155756 seconds.
  path: Assets/Top Down Adventure Assets/Visuals/OBJECTS/coin
  artifactKey: Guid(ef023545a38a04161ad100d9babd8120) Importer(815301076,1909f56bfc062723c751e8b465ee728b)
Start importing Assets/Top Down Adventure Assets/Visuals/OBJECTS/coin using Guid(ef023545a38a04161ad100d9babd8120) Importer(815301076,1909f56bfc062723c751e8b465ee728b) [PhysX] Initialized MultithreadedTaskDispatcher with 16 workers.
 -> (artifact id: '6739568a36c87b49988d68a77e55fcd5') in 0.000424 seconds
Number of updated asset objects reloaded before import = 0
Number of asset objects unloaded after import = 0
========================================================================
Received Import Request.
  Time since last request: 0.065300 seconds.
  path: Assets/Top Down Adventure Assets/Visuals/OBJECTS/coin/coin1.png
  artifactKey: Guid(5d3c905fc2a7d477c9cb5c04c57e340b) Importer(815301076,1909f56bfc062723c751e8b465ee728b)
Start importing Assets/Top Down Adventure Assets/Visuals/OBJECTS/coin/coin1.png using Guid(5d3c905fc2a7d477c9cb5c04c57e340b) Importer(815301076,1909f56bfc062723c751e8b465ee728b) [PhysX] Initialized MultithreadedTaskDispatcher with 16 workers.
[PhysX] Initialized MultithreadedTaskDispatcher with 16 workers.
 -> (artifact id: '0ffd347dda5c0d3b86ebfacdca3b7ba3') in 0.007550 seconds
Number of updated asset objects reloaded before import = 0
Number of asset objects unloaded after import = 3
========================================================================
Received Import Request.
  Time since last request: 0.000011 seconds.
  path: Assets/Top Down Adventure Assets/Visuals/OBJECTS/coin/coin4.png
  artifactKey: Guid(42aa4571d2ad64f44b7403cae8ba29dd) Importer(815301076,1909f56bfc062723c751e8b465ee728b)
Start importing Assets/Top Down Adventure Assets/Visuals/OBJECTS/coin/coin4.png using Guid(42aa4571d2ad64f44b7403cae8ba29dd) Importer(815301076,1909f56bfc062723c751e8b465ee728b) [PhysX] Initialized MultithreadedTaskDispatcher with 16 workers.
[PhysX] Initialized MultithreadedTaskDispatcher with 16 workers.
 -> (artifact id: '9fd4866b2302b1b58e01088cd865a146') in 0.006272 seconds
Number of updated asset objects reloaded before import = 0
Number of asset objects unloaded after import = 3
========================================================================
Received Import Request.
  Time since last request: 1.586831 seconds.
  path: Assets/Top Down Adventure Assets/Visuals/OBJECTS/items
  artifactKey: Guid(7a3e8bab38ba444f8a9178119c43d99b) Importer(815301076,1909f56bfc062723c751e8b465ee728b)
Start importing Assets/Top Down Adventure Assets/Visuals/OBJECTS/items using Guid(7a3e8bab38ba444f8a9178119c43d99b) Importer(815301076,1909f56bfc062723c751e8b465ee728b) [PhysX] Initialized MultithreadedTaskDispatcher with 16 workers.
 -> (artifact id: '95345e9356ec7b80cc0a87cb388ce7c0') in 0.000424 seconds
Number of updated asset objects reloaded before import = 0
Number of asset objects unloaded after import = 0
========================================================================
Received Import Request.
  Time since last request: 0.048830 seconds.
  path: Assets/Top Down Adventure Assets/Visuals/OBJECTS/items/blue.png
  artifactKey: Guid(b3d852d4114dd47c8929406865ac0c1e) Importer(815301076,1909f56bfc062723c751e8b465ee728b)
Start importing Assets/Top Down Adventure Assets/Visuals/OBJECTS/items/blue.png using Guid(b3d852d4114dd47c8929406865ac0c1e) Importer(815301076,1909f56bfc062723c751e8b465ee728b) [PhysX] Initialized MultithreadedTaskDispatcher with 16 workers.
[PhysX] Initialized MultithreadedTaskDispatcher with 16 workers.
 -> (artifact id: '6f2672a6d420d226e2d5797af8dfdfa9') in 0.007998 seconds
Number of updated asset objects reloaded before import = 0
Number of asset objects unloaded after import = 3
========================================================================
Received Import Request.
  Time since last request: 0.000882 seconds.
  path: Assets/Top Down Adventure Assets/Visuals/OBJECTS/items/itembox.png
  artifactKey: Guid(598f98ec902334661b630dbefa4a15d2) Importer(815301076,1909f56bfc062723c751e8b465ee728b)
Start importing Assets/Top Down Adventure Assets/Visuals/OBJECTS/items/itembox.png using Guid(598f98ec902334661b630dbefa4a15d2) Importer(815301076,1909f56bfc062723c751e8b465ee728b) [PhysX] Initialized MultithreadedTaskDispatcher with 16 workers.
[PhysX] Initialized MultithreadedTaskDispatcher with 16 workers.
 -> (artifact id: '95af0cb269fdf9f85e415f9eee6c0f25') in 0.006264 seconds
Number of updated asset objects reloaded before import = 0
Number of asset objects unloaded after import = 3
========================================================================
Received Import Request.
  Time since last request: 0.000010 seconds.
  path: Assets/Top Down Adventure Assets/Visuals/OBJECTS/items/pickaxe.png
  artifactKey: Guid(6906a607766924185976377b2a0f8166) Importer(815301076,1909f56bfc062723c751e8b465ee728b)
Start importing Assets/Top Down Adventure Assets/Visuals/OBJECTS/items/pickaxe.png using Guid(6906a607766924185976377b2a0f8166) Importer(815301076,1909f56bfc062723c751e8b465ee728b) [PhysX] Initialized MultithreadedTaskDispatcher with 16 workers.
[PhysX] Initialized MultithreadedTaskDispatcher with 16 workers.
 -> (artifact id: '8d1f5ec8e44d3ac0c6f64aa8f1a5f60b') in 0.005976 seconds
Number of updated asset objects reloaded before import = 0
Number of asset objects unloaded after import = 3
========================================================================
Received Import Request.
  Time since last request: 0.000009 seconds.
  path: Assets/Top Down Adventure Assets/Visuals/OBJECTS/items/yellow.png
  artifactKey: Guid(1cd5b9938edbb4ec1a4978eeeea8a0b4) Importer(815301076,1909f56bfc062723c751e8b465ee728b)
Start importing Assets/Top Down Adventure Assets/Visuals/OBJECTS/items/yellow.png using Guid(1cd5b9938edbb4ec1a4978eeeea8a0b4) Importer(815301076,1909f56bfc062723c751e8b465ee728b) [PhysX] Initialized MultithreadedTaskDispatcher with 16 workers.
[PhysX] Initialized MultithreadedTaskDispatcher with 16 workers.
 -> (artifact id: '39b62c8ef9c9ed3ffe9ec01599caba0b') in 0.005971 seconds
Number of updated asset objects reloaded before import = 0
Number of asset objects unloaded after import = 3
========================================================================
Received Import Request.
  Time since last request: 2.887299 seconds.
  path: Assets/Top Down Adventure Assets/Visuals/ENVIRONMENT
  artifactKey: Guid(a1c762fa3081d43b8aced71e6a103b42) Importer(815301076,1909f56bfc062723c751e8b465ee728b)
Start importing Assets/Top Down Adventure Assets/Visuals/ENVIRONMENT using Guid(a1c762fa3081d43b8aced71e6a103b42) Importer(815301076,1909f56bfc062723c751e8b465ee728b) [PhysX] Initialized MultithreadedTaskDispatcher with 16 workers.
 -> (artifact id: '882df215d1ca32ba54f833b41c085b77') in 0.000426 seconds
Number of updated asset objects reloaded before import = 0
Number of asset objects unloaded after import = 0
========================================================================
Received Import Request.
  Time since last request: 0.050938 seconds.
  path: Assets/Top Down Adventure Assets/Visuals/ENVIRONMENT/eye.png
  artifactKey: Guid(6ba7c1fd55b0e4747bf78e801332f4f0) Importer(815301076,1909f56bfc062723c751e8b465ee728b)
Start importing Assets/Top Down Adventure Assets/Visuals/ENVIRONMENT/eye.png using Guid(6ba7c1fd55b0e4747bf78e801332f4f0) Importer(815301076,1909f56bfc062723c751e8b465ee728b) [PhysX] Initialized MultithreadedTaskDispatcher with 16 workers.
[PhysX] Initialized MultithreadedTaskDispatcher with 16 workers.
 -> (artifact id: '43fd7e04d0fae4b6562810eda1949f5e') in 0.010205 seconds
Number of updated asset objects reloaded before import = 0
Number of asset objects unloaded after import = 3
========================================================================
Received Import Request.
  Time since last request: 2.389494 seconds.
  path: Assets/Top Down Adventure Assets/Visuals/ENVIRONMENT/tilesets
  artifactKey: Guid(0753475e944bb4cd3bfe8ee0bb13d7c6) Importer(815301076,1909f56bfc062723c751e8b465ee728b)
Start importing Assets/Top Down Adventure Assets/Visuals/ENVIRONMENT/tilesets using Guid(0753475e944bb4cd3bfe8ee0bb13d7c6) Importer(815301076,1909f56bfc062723c751e8b465ee728b) [PhysX] Initialized MultithreadedTaskDispatcher with 16 workers.
 -> (artifact id: 'f7d16df9af7e029e294b87e6b74c7ed5') in 0.000448 seconds
Number of updated asset objects reloaded before import = 0
Number of asset objects unloaded after import = 0
========================================================================
Received Import Request.
  Time since last request: 0.067243 seconds.
  path: Assets/Top Down Adventure Assets/Visuals/ENVIRONMENT/tilesets/dungeon-tileset.png
  artifactKey: Guid(f15472e0666d044db9bfb88bc170ad9b) Importer(815301076,1909f56bfc062723c751e8b465ee728b)
Start importing Assets/Top Down Adventure Assets/Visuals/ENVIRONMENT/tilesets/dungeon-tileset.png using Guid(f15472e0666d044db9bfb88bc170ad9b) Importer(815301076,1909f56bfc062723c751e8b465ee728b) [PhysX] Initialized MultithreadedTaskDispatcher with 16 workers.
[PhysX] Initialized MultithreadedTaskDispatcher with 16 workers.
 -> (artifact id: 'ce4e491368ff953364573ef97539e6fa') in 0.021019 seconds
Number of updated asset objects reloaded before import = 0
Number of asset objects unloaded after import = 3
========================================================================
Received Import Request.
  Time since last request: 30.803859 seconds.
  path: Assets/Top Down Adventure Assets/Visuals/FX
  artifactKey: Guid(a8fa293c34b0a4edfbd9f11dddfe6a44) Importer(815301076,1909f56bfc062723c751e8b465ee728b)
Start importing Assets/Top Down Adventure Assets/Visuals/FX using Guid(a8fa293c34b0a4edfbd9f11dddfe6a44) Importer(815301076,1909f56bfc062723c751e8b465ee728b) [PhysX] Initialized MultithreadedTaskDispatcher with 16 workers.
 -> (artifact id: '19c1077e1fb5e6bab909575d5cffffde') in 0.000423 seconds
Number of updated asset objects reloaded before import = 0
Number of asset objects unloaded after import = 0
========================================================================
Received Import Request.
  Time since last request: 0.053484 seconds.
  path: Assets/Top Down Adventure Assets/Visuals/FX/shot.png
  artifactKey: Guid(c10da56129ffc49f8a8c11a022f95018) Importer(815301076,1909f56bfc062723c751e8b465ee728b)
Start importing Assets/Top Down Adventure Assets/Visuals/FX/shot.png using Guid(c10da56129ffc49f8a8c11a022f95018) Importer(815301076,1909f56bfc062723c751e8b465ee728b) [PhysX] Initialized MultithreadedTaskDispatcher with 16 workers.
[PhysX] Initialized MultithreadedTaskDispatcher with 16 workers.
 -> (artifact id: '340c3db8b0fe6d0c14cbd0a3d80ec160') in 0.009443 seconds
Number of updated asset objects reloaded before import = 0
Number of asset objects unloaded after import = 3
========================================================================
Received Import Request.
  Time since last request: 1.143175 seconds.
  path: Assets/Top Down Adventure Assets/Visuals/FX/feedback
  artifactKey: Guid(46c108dbf747f4690a688b3ec5f8ae91) Importer(815301076,1909f56bfc062723c751e8b465ee728b)
Start importing Assets/Top Down Adventure Assets/Visuals/FX/feedback using Guid(46c108dbf747f4690a688b3ec5f8ae91) Importer(815301076,1909f56bfc062723c751e8b465ee728b) [PhysX] Initialized MultithreadedTaskDispatcher with 16 workers.
 -> (artifact id: '18a0c1c858d3a88abaa38ff6a02ad214') in 0.000462 seconds
Number of updated asset objects reloaded before import = 0
Number of asset objects unloaded after import = 0
========================================================================
Received Import Request.
  Time since last request: 0.055475 seconds.
  path: Assets/Top Down Adventure Assets/Visuals/FX/feedback/shot-1.png
  artifactKey: Guid(39027c564640946f98cee0c86fa9a69f) Importer(815301076,1909f56bfc062723c751e8b465ee728b)
Start importing Assets/Top Down Adventure Assets/Visuals/FX/feedback/shot-1.png using Guid(39027c564640946f98cee0c86fa9a69f) Importer(815301076,1909f56bfc062723c751e8b465ee728b) [PhysX] Initialized MultithreadedTaskDispatcher with 16 workers.
[PhysX] Initialized MultithreadedTaskDispatcher with 16 workers.
 -> (artifact id: '4d5d29b91518848ecf2681c063f7497c') in 0.007543 seconds
Number of updated asset objects reloaded before import = 0
Number of asset objects unloaded after import = 3
========================================================================
Received Import Request.
  Time since last request: 2.244771 seconds.
  path: Assets/Top Down Adventure Assets/Visuals/HUD
  artifactKey: Guid(caca9aca37aae414e827c26a475930ca) Importer(815301076,1909f56bfc062723c751e8b465ee728b)
Start importing Assets/Top Down Adventure Assets/Visuals/HUD using Guid(caca9aca37aae414e827c26a475930ca) Importer(815301076,1909f56bfc062723c751e8b465ee728b) [PhysX] Initialized MultithreadedTaskDispatcher with 16 workers.
 -> (artifact id: '10ebb40c734add4aea3e3fc7f7081aef') in 0.000431 seconds
Number of updated asset objects reloaded before import = 0
Number of asset objects unloaded after import = 0
========================================================================
Received Import Request.
  Time since last request: 0.567849 seconds.
  path: Assets/Top Down Adventure Assets/Visuals/HUD/HUD-div.png
  artifactKey: Guid(dd1421923bfa24b99b19d65ed6aae74d) Importer(815301076,1909f56bfc062723c751e8b465ee728b)
Start importing Assets/Top Down Adventure Assets/Visuals/HUD/HUD-div.png using Guid(dd1421923bfa24b99b19d65ed6aae74d) Importer(815301076,1909f56bfc062723c751e8b465ee728b) [PhysX] Initialized MultithreadedTaskDispatcher with 16 workers.
[PhysX] Initialized MultithreadedTaskDispatcher with 16 workers.
 -> (artifact id: '1b4035d006ee3bf8b3bed0593e894cab') in 0.035660 seconds
Number of updated asset objects reloaded before import = 0
Number of asset objects unloaded after import = 3
========================================================================
Received Import Request.
  Time since last request: 5.614604 seconds.
  path: Assets/Top Down Adventure Assets/Visuals/OBJECTS/box-splash
  artifactKey: Guid(25f6526aa36614f6798601d88684428e) Importer(815301076,1909f56bfc062723c751e8b465ee728b)
Start importing Assets/Top Down Adventure Assets/Visuals/OBJECTS/box-splash using Guid(25f6526aa36614f6798601d88684428e) Importer(815301076,1909f56bfc062723c751e8b465ee728b) [PhysX] Initialized MultithreadedTaskDispatcher with 16 workers.
 -> (artifact id: '977b4880f34f61786c287c75b861c50e') in 0.000485 seconds
Number of updated asset objects reloaded before import = 0
Number of asset objects unloaded after import = 0
========================================================================
Received Import Request.
  Time since last request: 0.034993 seconds.
  path: Assets/Top Down Adventure Assets/Visuals/OBJECTS/box-splash/splash1.png
  artifactKey: Guid(4e39cfa847204447dbb1bee136a4cad7) Importer(815301076,1909f56bfc062723c751e8b465ee728b)
Start importing Assets/Top Down Adventure Assets/Visuals/OBJECTS/box-splash/splash1.png using Guid(4e39cfa847204447dbb1bee136a4cad7) Importer(815301076,1909f56bfc062723c751e8b465ee728b) [PhysX] Initialized MultithreadedTaskDispatcher with 16 workers.
[PhysX] Initialized MultithreadedTaskDispatcher with 16 workers.
 -> (artifact id: 'a7a069a71bff6e1decd4c7135bbcc5e7') in 0.007784 seconds
Number of updated asset objects reloaded before import = 0
Number of asset objects unloaded after import = 3
========================================================================
Received Import Request.
  Time since last request: 0.001035 seconds.
  path: Assets/Top Down Adventure Assets/Visuals/OBJECTS/box-splash/splash5.png
  artifactKey: Guid(cb495bb44a85f47989fb3e9f546cb35e) Importer(815301076,1909f56bfc062723c751e8b465ee728b)
Start importing Assets/Top Down Adventure Assets/Visuals/OBJECTS/box-splash/splash5.png using Guid(cb495bb44a85f47989fb3e9f546cb35e) Importer(815301076,1909f56bfc062723c751e8b465ee728b) [PhysX] Initialized MultithreadedTaskDispatcher with 16 workers.
[PhysX] Initialized MultithreadedTaskDispatcher with 16 workers.
 -> (artifact id: '873b5f58049ec655f550cac007bb6e9c') in 0.006280 seconds
Number of updated asset objects reloaded before import = 0
Number of asset objects unloaded after import = 3
========================================================================
Received Import Request.
  Time since last request: 10.593305 seconds.
  path: Assets/Top Down Adventure Assets/Visuals/ENVIRONMENT/waterfall
  artifactKey: Guid(67afd4aec55ae4a01843d54646d7cae7) Importer(815301076,1909f56bfc062723c751e8b465ee728b)
Start importing Assets/Top Down Adventure Assets/Visuals/ENVIRONMENT/waterfall using Guid(67afd4aec55ae4a01843d54646d7cae7) Importer(815301076,1909f56bfc062723c751e8b465ee728b) [PhysX] Initialized MultithreadedTaskDispatcher with 16 workers.
 -> (artifact id: '694b53e74e2fcc741fbf4bba316a8c2d') in 0.000443 seconds
Number of updated asset objects reloaded before import = 0
Number of asset objects unloaded after import = 0
========================================================================
Received Import Request.
  Time since last request: 0.050305 seconds.
  path: Assets/Top Down Adventure Assets/Visuals/ENVIRONMENT/waterfall/1.png
  artifactKey: Guid(17c9beae7cdf54b60ac98cb4ccbb214d) Importer(815301076,1909f56bfc062723c751e8b465ee728b)
Start importing Assets/Top Down Adventure Assets/Visuals/ENVIRONMENT/waterfall/1.png using Guid(17c9beae7cdf54b60ac98cb4ccbb214d) Importer(815301076,1909f56bfc062723c751e8b465ee728b) [PhysX] Initialized MultithreadedTaskDispatcher with 16 workers.
[PhysX] Initialized MultithreadedTaskDispatcher with 16 workers.
 -> (artifact id: '6959ccf1e17602fde23f6fda6eca7434') in 0.009623 seconds
Number of updated asset objects reloaded before import = 0
Number of asset objects unloaded after import = 3
========================================================================
Received Import Request.
  Time since last request: 2.350873 seconds.
  path: Assets/Top Down Adventure Assets/Visuals/ENVIRONMENT/sea
  artifactKey: Guid(3dbeff3537e9144d9a88198d613762ff) Importer(815301076,1909f56bfc062723c751e8b465ee728b)
Start importing Assets/Top Down Adventure Assets/Visuals/ENVIRONMENT/sea using Guid(3dbeff3537e9144d9a88198d613762ff) Importer(815301076,1909f56bfc062723c751e8b465ee728b) [PhysX] Initialized MultithreadedTaskDispatcher with 16 workers.
 -> (artifact id: '185de0cde2b12e079d212b9e52451edd') in 0.000494 seconds
Number of updated asset objects reloaded before import = 0
Number of asset objects unloaded after import = 0
========================================================================
Received Import Request.
  Time since last request: 0.044654 seconds.
  path: Assets/Top Down Adventure Assets/Visuals/ENVIRONMENT/sea/sea1.png
  artifactKey: Guid(6fce5a0dfaf4449429e73bdd45a41920) Importer(815301076,1909f56bfc062723c751e8b465ee728b)
Start importing Assets/Top Down Adventure Assets/Visuals/ENVIRONMENT/sea/sea1.png using Guid(6fce5a0dfaf4449429e73bdd45a41920) Importer(815301076,1909f56bfc062723c751e8b465ee728b) [PhysX] Initialized MultithreadedTaskDispatcher with 16 workers.
[PhysX] Initialized MultithreadedTaskDispatcher with 16 workers.
 -> (artifact id: 'f0d4897172bef5e66b63db7d1cf61a63') in 0.008936 seconds
Number of updated asset objects reloaded before import = 0
Number of asset objects unloaded after import = 3
========================================================================
Received Import Request.
  Time since last request: 0.001494 seconds.
  path: Assets/Top Down Adventure Assets/Visuals/ENVIRONMENT/sea/shore1.png
  artifactKey: Guid(cf2f1e4b1ea0b4468a465e02e657ebff) Importer(815301076,1909f56bfc062723c751e8b465ee728b)
Start importing Assets/Top Down Adventure Assets/Visuals/ENVIRONMENT/sea/shore1.png using Guid(cf2f1e4b1ea0b4468a465e02e657ebff) Importer(815301076,1909f56bfc062723c751e8b465ee728b) [PhysX] Initialized MultithreadedTaskDispatcher with 16 workers.
[PhysX] Initialized MultithreadedTaskDispatcher with 16 workers.
 -> (artifact id: '59c9248453434af4fd42d432c74e507a') in 0.006968 seconds
Number of updated asset objects reloaded before import = 0
Number of asset objects unloaded after import = 3
========================================================================
Received Import Request.
  Time since last request: 4.680649 seconds.
  path: Assets/Top Down Adventure Assets/Visuals/ENVIRONMENT/cave-trap
  artifactKey: Guid(a66c11019c41944f499b59030fca74fa) Importer(815301076,1909f56bfc062723c751e8b465ee728b)
Start importing Assets/Top Down Adventure Assets/Visuals/ENVIRONMENT/cave-trap using Guid(a66c11019c41944f499b59030fca74fa) Importer(815301076,1909f56bfc062723c751e8b465ee728b) [PhysX] Initialized MultithreadedTaskDispatcher with 16 workers.
 -> (artifact id: 'a69e1490c955dea520c86bbb3551d493') in 0.000426 seconds
Number of updated asset objects reloaded before import = 0
Number of asset objects unloaded after import = 0
========================================================================
Received Import Request.
  Time since last request: 0.055410 seconds.
  path: Assets/Top Down Adventure Assets/Visuals/ENVIRONMENT/cave-trap/1.png
  artifactKey: Guid(f18b765a6f15c40428cd3ba058609e34) Importer(815301076,1909f56bfc062723c751e8b465ee728b)
Start importing Assets/Top Down Adventure Assets/Visuals/ENVIRONMENT/cave-trap/1.png using Guid(f18b765a6f15c40428cd3ba058609e34) Importer(815301076,1909f56bfc062723c751e8b465ee728b) [PhysX] Initialized MultithreadedTaskDispatcher with 16 workers.
[PhysX] Initialized MultithreadedTaskDispatcher with 16 workers.
 -> (artifact id: '43cd28af55ab6b90bf28495c10858666') in 0.008879 seconds
Number of updated asset objects reloaded before import = 0
Number of asset objects unloaded after import = 3
========================================================================
Received Import Request.
  Time since last request: 225.333129 seconds.
  path: Assets/Top Down Adventure Assets/Visuals/ENVIRONMENT/tilesets/tileset-world.png
  artifactKey: Guid(b8814c83d33f044eaa43a507df945000) Importer(815301076,1909f56bfc062723c751e8b465ee728b)
Start importing Assets/Top Down Adventure Assets/Visuals/ENVIRONMENT/tilesets/tileset-world.png using Guid(b8814c83d33f044eaa43a507df945000) Importer(815301076,1909f56bfc062723c751e8b465ee728b) [PhysX] Initialized MultithreadedTaskDispatcher with 16 workers.
[PhysX] Initialized MultithreadedTaskDispatcher with 16 workers.
 -> (artifact id: 'bc8d290a3f601b80aa735b7dd4001007') in 0.033747 seconds
Number of updated asset objects reloaded before import = 0
Number of asset objects unloaded after import = 3
========================================================================
Received Import Request.
  Time since last request: 36.199369 seconds.
  path: Assets/Top Down Adventure Assets/Visuals/ENVIRONMENT/tilesets/tileset-world.asset
  artifactKey: Guid(50657d6edabb7e445a84d30f1d4a6f8e) Importer(815301076,1909f56bfc062723c751e8b465ee728b)
Start importing Assets/Top Down Adventure Assets/Visuals/ENVIRONMENT/tilesets/tileset-world.asset using Guid(50657d6edabb7e445a84d30f1d4a6f8e) Importer(815301076,1909f56bfc062723c751e8b465ee728b) [PhysX] Initialized MultithreadedTaskDispatcher with 16 workers.
 -> (artifact id: '1bf01bc11d5f73cafc0edc0f3d4de75a') in 0.033078 seconds
Number of updated asset objects reloaded before import = 0
Number of asset objects unloaded after import = 3
========================================================================
Received Import Request.
  Time since last request: 143.782233 seconds.
  path: Assets/Top Down Adventure Assets/Visuals/ENVIRONMENT/tilesets/tileset-world.asset
  artifactKey: Guid(50657d6edabb7e445a84d30f1d4a6f8e) Importer(815301076,1909f56bfc062723c751e8b465ee728b)
Start importing Assets/Top Down Adventure Assets/Visuals/ENVIRONMENT/tilesets/tileset-world.asset using Guid(50657d6edabb7e445a84d30f1d4a6f8e) Importer(815301076,1909f56bfc062723c751e8b465ee728b) [PhysX] Initialized MultithreadedTaskDispatcher with 16 workers.
 -> (artifact id: '309a6d48dcca55b2f4e403f2bef747c3') in 0.012355 seconds
Number of updated asset objects reloaded before import = 0
Number of asset objects unloaded after import = 3
========================================================================
Received Import Request.
  Time since last request: 212.747537 seconds.
  path: Assets/Top Down Adventure Assets/Visuals/ENVIRONMENT/tilesets/tileset-world.png
  artifactKey: Guid(b8814c83d33f044eaa43a507df945000) Importer(815301076,1909f56bfc062723c751e8b465ee728b)
Start importing Assets/Top Down Adventure Assets/Visuals/ENVIRONMENT/tilesets/tileset-world.png using Guid(b8814c83d33f044eaa43a507df945000) Importer(815301076,1909f56bfc062723c751e8b465ee728b) [PhysX] Initialized MultithreadedTaskDispatcher with 16 workers.
[PhysX] Initialized MultithreadedTaskDispatcher with 16 workers.
 -> (artifact id: 'f1222366c6976c6fa2c2a88f2db65af9') in 0.046669 seconds
Number of updated asset objects reloaded before import = 0
Number of asset objects unloaded after import = 2
========================================================================
Received Import Request.
  Time since last request: 45.639901 seconds.
  path: Assets/Top Down Adventure Assets/Visuals/ENVIRONMENT/tilesets/tileset-world.png
  artifactKey: Guid(b8814c83d33f044eaa43a507df945000) Importer(815301076,1909f56bfc062723c751e8b465ee728b)
Start importing Assets/Top Down Adventure Assets/Visuals/ENVIRONMENT/tilesets/tileset-world.png using Guid(b8814c83d33f044eaa43a507df945000) Importer(815301076,1909f56bfc062723c751e8b465ee728b) [PhysX] Initialized MultithreadedTaskDispatcher with 16 workers.
[PhysX] Initialized MultithreadedTaskDispatcher with 16 workers.
 -> (artifact id: 'dfe7c3741221ee245f2062677af32802') in 0.004344 seconds
Number of updated asset objects reloaded before import = 0
Number of asset objects unloaded after import = 2
========================================================================
Received Import Request.
  Time since last request: 118.059012 seconds.
  path: Assets/Top Down Adventure Assets/Visuals/ENVIRONMENT/tilesets/tileset-world.png
  artifactKey: Guid(b8814c83d33f044eaa43a507df945000) Importer(815301076,1909f56bfc062723c751e8b465ee728b)
Start importing Assets/Top Down Adventure Assets/Visuals/ENVIRONMENT/tilesets/tileset-world.png using Guid(b8814c83d33f044eaa43a507df945000) Importer(815301076,1909f56bfc062723c751e8b465ee728b) [PhysX] Initialized MultithreadedTaskDispatcher with 16 workers.
[PhysX] Initialized MultithreadedTaskDispatcher with 16 workers.
 -> (artifact id: '141f836f8bf54b31901e2f86f58d8962') in 0.085300 seconds
Number of updated asset objects reloaded before import = 0
Number of asset objects unloaded after import = 109
========================================================================
Received Import Request.
  Time since last request: 119.945956 seconds.
  path: Assets/Top Down Adventure Assets/Visuals/ENVIRONMENT/tilesets/tileset-world.png
  artifactKey: Guid(b8814c83d33f044eaa43a507df945000) Importer(815301076,1909f56bfc062723c751e8b465ee728b)
Start importing Assets/Top Down Adventure Assets/Visuals/ENVIRONMENT/tilesets/tileset-world.png using Guid(b8814c83d33f044eaa43a507df945000) Importer(815301076,1909f56bfc062723c751e8b465ee728b) [PhysX] Initialized MultithreadedTaskDispatcher with 16 workers.
[PhysX] Initialized MultithreadedTaskDispatcher with 16 workers.
 -> (artifact id: '9c9739b8b1d8796bfe8791b6b9e27b5d') in 0.263910 seconds
Number of updated asset objects reloaded before import = 0
Number of asset objects unloaded after import = 109
========================================================================
Received Import Request.
  Time since last request: 55.288122 seconds.
  path: Assets/Top Down Adventure Assets/Visuals/ENVIRONMENT/tilesets/dungeon-tileset.png
  artifactKey: Guid(f15472e0666d044db9bfb88bc170ad9b) Importer(815301076,1909f56bfc062723c751e8b465ee728b)
Start importing Assets/Top Down Adventure Assets/Visuals/ENVIRONMENT/tilesets/dungeon-tileset.png using Guid(f15472e0666d044db9bfb88bc170ad9b) Importer(815301076,1909f56bfc062723c751e8b465ee728b) [PhysX] Initialized MultithreadedTaskDispatcher with 16 workers.
[PhysX] Initialized MultithreadedTaskDispatcher with 16 workers.
 -> (artifact id: '0ebcb59c433a50254d2753a28c5009df') in 0.111531 seconds
Number of updated asset objects reloaded before import = 0
Number of asset objects unloaded after import = 3
========================================================================
Received Import Request.
  Time since last request: 23.398625 seconds.
  path: Assets/Top Down Adventure Assets/Visuals/ENVIRONMENT/tilesets/dungeon-tileset.png
  artifactKey: Guid(f15472e0666d044db9bfb88bc170ad9b) Importer(815301076,1909f56bfc062723c751e8b465ee728b)
Start importing Assets/Top Down Adventure Assets/Visuals/ENVIRONMENT/tilesets/dungeon-tileset.png using Guid(f15472e0666d044db9bfb88bc170ad9b) Importer(815301076,1909f56bfc062723c751e8b465ee728b) [PhysX] Initialized MultithreadedTaskDispatcher with 16 workers.
[PhysX] Initialized MultithreadedTaskDispatcher with 16 workers.
 -> (artifact id: 'f830d74da43b5603636c8fb75ff7a57b') in 0.048474 seconds
Number of updated asset objects reloaded before import = 0
Number of asset objects unloaded after import = 2
========================================================================
Received Import Request.
  Time since last request: 13.500033 seconds.
  path: Assets/Top Down Adventure Assets/Visuals/ENVIRONMENT/tilesets/dungeon-tileset.png
  artifactKey: Guid(f15472e0666d044db9bfb88bc170ad9b) Importer(815301076,1909f56bfc062723c751e8b465ee728b)
Start importing Assets/Top Down Adventure Assets/Visuals/ENVIRONMENT/tilesets/dungeon-tileset.png using Guid(f15472e0666d044db9bfb88bc170ad9b) Importer(815301076,1909f56bfc062723c751e8b465ee728b) [PhysX] Initialized MultithreadedTaskDispatcher with 16 workers.
[PhysX] Initialized MultithreadedTaskDispatcher with 16 workers.
 -> (artifact id: '51f4b2b61196cfdd68b81fa989bbf9c7') in 0.025759 seconds
Number of updated asset objects reloaded before import = 0
Number of asset objects unloaded after import = 24
========================================================================
Received Prepare
Caller must complete domain reload
Begin MonoManager ReloadAssembly
- Loaded All Assemblies, in  0.842 seconds
Native extension for WindowsStandalone target not found
Native extension for WebGL target not found
Mono: successfully reloaded assembly
- Finished resetting the current domain, in  0.529 seconds
Domain Reload Profiling: 1370ms
	BeginReloadAssembly (603ms)
		ExecutionOrderSort (0ms)
		DisableScriptedObjects (488ms)
		BackupInstance (0ms)
		ReleaseScriptingObjects (0ms)
		CreateAndSetChildDomain (40ms)
	RebuildCommonClasses (25ms)
	RebuildNativeTypeToScriptingClass (9ms)
	initialDomainReloadingComplete (23ms)
	LoadAllAssembliesAndSetupDomain (182ms)
		LoadAssemblies (217ms)
		RebuildTransferFunctionScriptingTraits (0ms)
		AnalyzeDomain (14ms)
			TypeCache.Refresh (5ms)
				TypeCache.ScanAssembly (0ms)
			ScanForSourceGeneratedMonoScriptInfo (0ms)
			ResolveRequiredComponents (9ms)
	FinalizeReload (529ms)
		ReleaseScriptCaches (0ms)
		RebuildScriptCaches (0ms)
		SetupLoadedEditorAssemblies (382ms)
			LogAssemblyErrors (0ms)
			InitializePlatformSupportModulesInManaged (6ms)
			SetLoadedEditorAssemblies (4ms)
			RefreshPlugins (0ms)
			BeforeProcessingInitializeOnLoad (60ms)
			ProcessInitializeOnLoadAttributes (256ms)
			ProcessInitializeOnLoadMethodAttributes (51ms)
			AfterProcessingInitializeOnLoad (5ms)
			EditorAssembliesLoaded (0ms)
		ExecutionOrderSort2 (0ms)
		AwakeInstancesAfterBackupRestoration (10ms)
Refreshing native plugins compatible for Editor in 6.05 ms, found 4 plugins.
Preloading 0 native plugins for Editor in 0.00 ms.
Unloading 5461 Unused Serialized files (Serialized files now loaded: 0)
Unloading 35 unused Assets / (0.9 MB). Loaded Objects now: 6073.
Memory consumption went from 195.6 MB to 194.7 MB.
Total: 5.840500 ms (FindLiveObjects: 0.671200 ms CreateObjectMapping: 0.365000 ms MarkObjects: 4.302100 ms  DeleteObjects: 0.501600 ms)

Prepare: number of updated asset objects reloaded= 0
AssetImportParameters requested are different than current active one (requested -> active):
  custom:container-demuxer-ogg: 62fdf1f143b41e24485cea50d1cbac27 -> 
  custom:video-codec-MediaFoundation-h265: 746d11721c4dcdbdad8f713fa42b33f4 -> 
  custom:video-decoder-ogg-theora: a1e56fd34408186e4bbccfd4996cb3dc -> 
  custom:framework-win-MediaFoundation: 216162199b28c13a410421893ffa2e32 -> 
  custom:CustomObjectIndexerAttribute: 72b91833f83ae208fae7752999fa3104 -> 
  custom:container-demuxer-webm: 4f35f7cbe854078d1ac9338744f61a02 -> 
  custom:container-muxer-webm: aa71ff27fc2769a1b78a27578f13a17b -> 
  custom:video-decoder-webm-vp8: 9c59270c3fd7afecdb556c50c9e8de78 -> 
  custom:SearchIndexIgnoredProperties: e643bd26f0fe6173181afceb89e7c659 -> 
  custom:AudioImporter_EditorPlatform: d09bf68614088b80899f8185d706f6e7 -> 
  custom:video-encoder-webm-vp8: eb34c28f22e8b96e1ab97ce403110664 -> 
  custom:audio-decoder-ogg-vorbis: bf7c407c2cedff20999df2af8eb42d56 -> 
  custom:audio-encoder-webm-vorbis: bf7c407c2cedff20999df2af8eb42d56 -> 
========================================================================
Received Import Request.
  Time since last request: 4185.850151 seconds.
  path: Assets/Top Down Adventure Assets/Visuals/ENVIRONMENT/tilesets/New Animated Tile.asset
  artifactKey: Guid(63e278759cb693a4c8aa2f801f9bc7c7) Importer(815301076,1909f56bfc062723c751e8b465ee728b)
Start importing Assets/Top Down Adventure Assets/Visuals/ENVIRONMENT/tilesets/New Animated Tile.asset using Guid(63e278759cb693a4c8aa2f801f9bc7c7) Importer(815301076,1909f56bfc062723c751e8b465ee728b) [PhysX] Initialized MultithreadedTaskDispatcher with 16 workers.
 -> (artifact id: '64859857a6088e78727e3b8227f453ae') in 0.020349 seconds
Number of updated asset objects reloaded before import = 0
Number of asset objects unloaded after import = 1
========================================================================
Received Import Request.
  Time since last request: 10.990115 seconds.
  path: Assets/Top Down Adventure Assets/Visuals/ENVIRONMENT/tilesets/Agua.asset
  artifactKey: Guid(63e278759cb693a4c8aa2f801f9bc7c7) Importer(815301076,1909f56bfc062723c751e8b465ee728b)
Start importing Assets/Top Down Adventure Assets/Visuals/ENVIRONMENT/tilesets/Agua.asset using Guid(63e278759cb693a4c8aa2f801f9bc7c7) Importer(815301076,1909f56bfc062723c751e8b465ee728b) [PhysX] Initialized MultithreadedTaskDispatcher with 16 workers.
 -> (artifact id: 'e8bdf630a65ad72ed102b2c00b31713a') in 0.000700 seconds
Number of updated asset objects reloaded before import = 0
Number of asset objects unloaded after import = 1
========================================================================
Received Import Request.
  Time since last request: 89.846111 seconds.
  path: Assets/Top Down Adventure Assets/Visuals/ENVIRONMENT/tilesets/Agua.asset
  artifactKey: Guid(63e278759cb693a4c8aa2f801f9bc7c7) Importer(815301076,1909f56bfc062723c751e8b465ee728b)
Start importing Assets/Top Down Adventure Assets/Visuals/ENVIRONMENT/tilesets/Agua.asset using Guid(63e278759cb693a4c8aa2f801f9bc7c7) Importer(815301076,1909f56bfc062723c751e8b465ee728b) [PhysX] Initialized MultithreadedTaskDispatcher with 16 workers.
 -> (artifact id: '2d1d68655abbc2770c0ae24e49be4982') in 0.001772 seconds
Number of updated asset objects reloaded before import = 0
Number of asset objects unloaded after import = 5
========================================================================
Received Import Request.
  Time since last request: 27.947943 seconds.
  path: Assets/Top Down Adventure Assets/Visuals/ENVIRONMENT/tilesets/Orilla.asset
  artifactKey: Guid(af59d71a86d4d1042a59b736a977102f) Importer(815301076,1909f56bfc062723c751e8b465ee728b)
Start importing Assets/Top Down Adventure Assets/Visuals/ENVIRONMENT/tilesets/Orilla.asset using Guid(af59d71a86d4d1042a59b736a977102f) Importer(815301076,1909f56bfc062723c751e8b465ee728b) [PhysX] Initialized MultithreadedTaskDispatcher with 16 workers.
 -> (artifact id: '78e02769626419a2dd0d9fda20fd68fb') in 0.000836 seconds
Number of updated asset objects reloaded before import = 0
Number of asset objects unloaded after import = 1
========================================================================
Received Import Request.
  Time since last request: 28.017139 seconds.
  path: Assets/Top Down Adventure Assets/Visuals/ENVIRONMENT/tilesets/Orilla.asset
  artifactKey: Guid(af59d71a86d4d1042a59b736a977102f) Importer(815301076,1909f56bfc062723c751e8b465ee728b)
Start importing Assets/Top Down Adventure Assets/Visuals/ENVIRONMENT/tilesets/Orilla.asset using Guid(af59d71a86d4d1042a59b736a977102f) Importer(815301076,1909f56bfc062723c751e8b465ee728b) [PhysX] Initialized MultithreadedTaskDispatcher with 16 workers.
 -> (artifact id: '7491bcb0f5248510b347a3e7ff083bb5') in 0.001397 seconds
Number of updated asset objects reloaded before import = 0
Number of asset objects unloaded after import = 5
========================================================================
Received Import Request.
  Time since last request: 28.157312 seconds.
  path: Assets/Top Down Adventure Assets/sounds
  artifactKey: Guid(4b83676c493d4440da319b4d3470c370) Importer(815301076,1909f56bfc062723c751e8b465ee728b)
Start importing Assets/Top Down Adventure Assets/sounds using Guid(4b83676c493d4440da319b4d3470c370) Importer(815301076,1909f56bfc062723c751e8b465ee728b) [PhysX] Initialized MultithreadedTaskDispatcher with 16 workers.
 -> (artifact id: '86dd3b2bb640e16f9fe2040a8129d53c') in 0.000387 seconds
Number of updated asset objects reloaded before import = 0
Number of asset objects unloaded after import = 0
========================================================================
Received Import Request.
  Time since last request: 28.917242 seconds.
  path: Assets/Top Down Adventure Assets/Visuals/ENVIRONMENT/sea/sea1.png
  artifactKey: Guid(6fce5a0dfaf4449429e73bdd45a41920) Importer(815301076,1909f56bfc062723c751e8b465ee728b)
Start importing Assets/Top Down Adventure Assets/Visuals/ENVIRONMENT/sea/sea1.png using Guid(6fce5a0dfaf4449429e73bdd45a41920) Importer(815301076,1909f56bfc062723c751e8b465ee728b) [PhysX] Initialized MultithreadedTaskDispatcher with 16 workers.
[PhysX] Initialized MultithreadedTaskDispatcher with 16 workers.
 -> (artifact id: 'fa1671356353ead75d2934b7f3515b86') in 0.033794 seconds
Number of updated asset objects reloaded before import = 0
Number of asset objects unloaded after import = 3
========================================================================
Received Import Request.
  Time since last request: 0.000013 seconds.
  path: Assets/Top Down Adventure Assets/Visuals/ENVIRONMENT/sea/shore2.png
  artifactKey: Guid(21e1004862d0248d09d75a769d66f9b5) Importer(815301076,1909f56bfc062723c751e8b465ee728b)
Start importing Assets/Top Down Adventure Assets/Visuals/ENVIRONMENT/sea/shore2.png using Guid(21e1004862d0248d09d75a769d66f9b5) Importer(815301076,1909f56bfc062723c751e8b465ee728b) [PhysX] Initialized MultithreadedTaskDispatcher with 16 workers.
[PhysX] Initialized MultithreadedTaskDispatcher with 16 workers.
 -> (artifact id: '6807dc7bf4c8e993e25c1ccdbc6f7a6f') in 0.010133 seconds
Number of updated asset objects reloaded before import = 0
Number of asset objects unloaded after import = 3
========================================================================
Received Import Request.
  Time since last request: 0.000018 seconds.
  path: Assets/Top Down Adventure Assets/Visuals/ENVIRONMENT/sea/sea3.png
  artifactKey: Guid(0a6b211fa7f564124a73161b77f6ea89) Importer(815301076,1909f56bfc062723c751e8b465ee728b)
Start importing Assets/Top Down Adventure Assets/Visuals/ENVIRONMENT/sea/sea3.png using Guid(0a6b211fa7f564124a73161b77f6ea89) Importer(815301076,1909f56bfc062723c751e8b465ee728b) [PhysX] Initialized MultithreadedTaskDispatcher with 16 workers.
[PhysX] Initialized MultithreadedTaskDispatcher with 16 workers.
 -> (artifact id: '7515d52e61cea106c10cfc73b96c5610') in 0.004323 seconds
Number of updated asset objects reloaded before import = 0
Number of asset objects unloaded after import = 3
========================================================================
Received Import Request.
  Time since last request: 0.000015 seconds.
  path: Assets/Top Down Adventure Assets/Visuals/ENVIRONMENT/sea/shore1.png
  artifactKey: Guid(cf2f1e4b1ea0b4468a465e02e657ebff) Importer(815301076,1909f56bfc062723c751e8b465ee728b)
Start importing Assets/Top Down Adventure Assets/Visuals/ENVIRONMENT/sea/shore1.png using Guid(cf2f1e4b1ea0b4468a465e02e657ebff) Importer(815301076,1909f56bfc062723c751e8b465ee728b) [PhysX] Initialized MultithreadedTaskDispatcher with 16 workers.
[PhysX] Initialized MultithreadedTaskDispatcher with 16 workers.
 -> (artifact id: 'd1023b115c9b6edc1e3d902ee7a90ab2') in 0.008727 seconds
Number of updated asset objects reloaded before import = 0
Number of asset objects unloaded after import = 3
========================================================================
Received Import Request.
  Time since last request: 0.000013 seconds.
  path: Assets/Top Down Adventure Assets/Visuals/ENVIRONMENT/sea/shore4.png
  artifactKey: Guid(456b74042e7054ff8b720e5d806d8aa3) Importer(815301076,1909f56bfc062723c751e8b465ee728b)
Start importing Assets/Top Down Adventure Assets/Visuals/ENVIRONMENT/sea/shore4.png using Guid(456b74042e7054ff8b720e5d806d8aa3) Importer(815301076,1909f56bfc062723c751e8b465ee728b) [PhysX] Initialized MultithreadedTaskDispatcher with 16 workers.
[PhysX] Initialized MultithreadedTaskDispatcher with 16 workers.
 -> (artifact id: 'bec9d434b7294f6777ec899e4b8a6e0e') in 0.008755 seconds
Number of updated asset objects reloaded before import = 0
Number of asset objects unloaded after import = 3
Editor requested this worker to shutdown with reason: Scaling down because of idle timeout
TcpMessagingSession - receive error: operation aborted. errorcode: 995, details: La operacin de E/S se anul por una salida de subproceso o por una solicitud de aplicacin.
AssetImportWorker is now disconnected from the server
Process exiting
Exiting without the bug reporter. Application will terminate with return code 0